3706 : 2026-06-09 14:06:07,421 : INFO : telemetry.main : Attempt start. Configuration directory [/home/ashish/.azure]. Cache directory [/home/ashish/.azure/telemetry/20260609140607280].
3706 : 2026-06-09 14:06:07,439 : INFO : telemetry.records : 1 cache files to upload.
3706 : 2026-06-09 14:06:07,439 : INFO : telemetry.records : Processed file /home/ashish/.azure/telemetry/20260609140607280/cache into 1 records.
3706 : 2026-06-09 14:06:07,439 : INFO : telemetry.records : Remove directory /home/ashish/.azure/telemetry/20260609140607280
3706 : 2026-06-09 14:06:07,440 : INFO : telemetry.client : Accumulated 1 events. Flush the clients.
3706 : 2026-06-09 14:06:07,440 : INFO : telemetry.client : Flush client c4395b75-49cc-422c-bc95-c7d51aef5d46.
3706 : 2026-06-09 14:06:08,153 : INFO : telemetry.sender : Sending 4499 bytes
3706 : 2026-06-09 14:06:08,153 : INFO : telemetry.sender : Finish uploading in 0.713294 seconds.
3738 : 2026-06-09 14:06:08,814 : INFO : telemetry.main : Attempt start. Configuration directory [/home/ashish/.azure]. Cache directory [/home/ashish/.azure/telemetry/20260609140608643].
3738 : 2026-06-09 14:06:08,831 : INFO : telemetry.records : 1 cache files to upload.
3738 : 2026-06-09 14:06:08,832 : INFO : telemetry.records : Processed file /home/ashish/.azure/telemetry/20260609140608643/cache into 1 records.
3738 : 2026-06-09 14:06:08,832 : INFO : telemetry.records : Remove directory /home/ashish/.azure/telemetry/20260609140608643
3738 : 2026-06-09 14:06:08,833 : INFO : telemetry.client : Accumulated 1 events. Flush the clients.
3738 : 2026-06-09 14:06:08,833 : INFO : telemetry.client : Flush client c4395b75-49cc-422c-bc95-c7d51aef5d46.
3748 : 2026-06-09 14:06:09,261 : INFO : telemetry.main : Attempt start. Configuration directory [/home/ashish/.azure]. Cache directory [/home/ashish/.azure/telemetry/20260609140609111].
3748 : 2026-06-09 14:06:09,279 : INFO : telemetry.records : 1 cache files to upload.
3748 : 2026-06-09 14:06:09,279 : INFO : telemetry.records : Processed file /home/ashish/.azure/telemetry/20260609140609111/cache into 1 records.
3748 : 2026-06-09 14:06:09,279 : INFO : telemetry.records : Remove directory /home/ashish/.azure/telemetry/20260609140609111
3748 : 2026-06-09 14:06:09,280 : INFO : telemetry.client : Accumulated 1 events. Flush the clients.
3748 : 2026-06-09 14:06:09,280 : INFO : telemetry.client : Flush client c4395b75-49cc-422c-bc95-c7d51aef5d46.
3738 : 2026-06-09 14:06:09,558 : INFO : telemetry.sender : Sending 4398 bytes
3738 : 2026-06-09 14:06:09,558 : INFO : telemetry.sender : Finish uploading in 0.724957 seconds.
3748 : 2026-06-09 14:06:09,971 : INFO : telemetry.sender : Sending 4480 bytes
3748 : 2026-06-09 14:06:09,971 : INFO : telemetry.sender : Finish uploading in 0.690777 seconds.
3764 : 2026-06-09 14:06:10,699 : INFO : telemetry.main : Attempt start. Configuration directory [/home/ashish/.azure]. Cache directory [/home/ashish/.azure/telemetry/20260609140610559].
3764 : 2026-06-09 14:06:10,717 : INFO : telemetry.records : 1 cache files to upload.
3764 : 2026-06-09 14:06:10,717 : INFO : telemetry.records : Processed file /home/ashish/.azure/telemetry/20260609140610559/cache into 1 records.
3764 : 2026-06-09 14:06:10,717 : INFO : telemetry.records : Remove directory /home/ashish/.azure/telemetry/20260609140610559
3764 : 2026-06-09 14:06:10,718 : INFO : telemetry.client : Accumulated 1 events. Flush the clients.
3764 : 2026-06-09 14:06:10,718 : INFO : telemetry.client : Flush client c4395b75-49cc-422c-bc95-c7d51aef5d46.
3764 : 2026-06-09 14:06:11,393 : INFO : telemetry.sender : Sending 4512 bytes
3764 : 2026-06-09 14:06:11,393 : INFO : telemetry.sender : Finish uploading in 0.675418 seconds.
